<?xml version="1.0" encoding="UTF-8"?>
<!-- Generated by org.testng.reporters.JUnitReportReporter -->
<testsuite hostname="LIN-5CG0113H3C" failures="0" tests="1" name="testCases.TC001_RegisterUser" time="3.646" errors="0" timestamp="2025-04-27T22:24:23 IST" skipped="0">
  <testcase classname="testCases.TC001_RegisterUser" name="verifyAccountRegister" time="3.646"/>
</testsuite> <!-- testCases.TC001_RegisterUser -->
