<?xml version="1.0" encoding="UTF-8"?>
<!-- Generated by org.testng.reporters.JUnitReportReporter -->
<testsuite hostname="LIN-5CG0113H3C" failures="0" tests="2" name="testCases.TC001_RegisterUser" time="9.335" errors="0" timestamp="2025-05-07T18:04:11 IST" skipped="0">
  <testcase classname="testCases.TC001_RegisterUser" name="verifyAccountRegister" time="4.631"/>
  <testcase classname="testCases.TC001_RegisterUser" name="verifyAccountRegister" time="4.704"/>
</testsuite> <!-- testCases.TC001_RegisterUser -->
